<?xml version="1.0" encoding="UTF-8"?>
<!-- Generated by org.testng.reporters.JUnitReportReporter -->
<testsuite hostname="binsonPc" failures="0" tests="1" name="smoke.Test1" time="6.985" errors="0" timestamp="2021-01-21T11:17:08 EST" skipped="0">
  <testcase classname="smoke.Test1" name="Login" time="6.985"/>
  <system-out/>
</testsuite> <!-- smoke.Test1 -->
